
-------- EEEE ------- G4Exception-START -------- EEEE -------
*** G4Exception : GeomNav0003
      issued by : G4MultiLevelLocator::EstimateIntersectionPoint()
       Current Position  and  Direction 
Step#       s        X(mm)      Y(mm)      Z(mm)    N_x     N_y     N_z   Delta|N|   StepLen  StartSafety   PhsStep 
Step taken was -2.14073e-16 out of PhysicalStep= -1
Final safety is: 0
Chord length = 0.090279

Error in advancing propagation.
   The final curve point is NOT further along  than the original!
   Going *backwards* from len(A) = 2.13709e-09  to len(B) = 2.13709e-09
      Curve distance is -2.14073e-16 mm 
      Point A' (start) is  (  X= 0.0482873026 1.72535824 10.0710298  P= 0.0143119404 -0.0327554218 -0.0133724819  Pmag= 0.03816507 Ekin= 0.00142323881 l= 2.13709057369e-09 m0= 0.510999 (Pdir-1)= -1.11022e-16 t_lab= 0.0403884 t_proper= 0 PolV= (0,0,0)  ) 
      Point B' (end)   is  (  X= 0.102083418 1.79630394 10.0560972  P= 0.0242408241 -0.0171299971 -0.018919823  Pmag= 0.0351996315 Ekin= 0.00121091037 l= 2.13709035962e-09 m0= 0.510999 (Pdir-1)= 0 t_lab= 0.0406906 t_proper= 0 PolV= (0,0,0)  ) 
      fEpsStep= 0.001

 In full precision, the position, momentum, E_kin, length, rest mass  ... are: 
 Point A[0] (Curve   start) is  (  X= 0.102083417 1.79630395 10.0560973  P= 0.0242408241 -0.0171299971 -0.018919823  Pmag= 0.0351996315 Ekin= 0.00121091036 l= 0 m0= 0.510999 (Pdir-1)= 2.22045e-16 t_lab= 0.0406906 t_proper= 0 PolV= (0,0,0)  ) 
 Point S    (Sub     start) is  (  X= 0.102083417 1.79630395 10.0560973  P= 0.0242408241 -0.0171299971 -0.018919823  Pmag= 0.0351996315 Ekin= 0.00121091036 l= 0 m0= 0.510999 (Pdir-1)= 2.22045e-16 t_lab= 0.0406906 t_proper= 0 PolV= (0,0,0)  )  Point A'   (Current start) is  (  X= 0.0482873026 1.72535824 10.0710298  P= 0.0143119404 -0.0327554218 -0.0133724819  Pmag= 0.03816507 Ekin= 0.00142323881 l= 2.13709057369e-09 m0= 0.510999 (Pdir-1)= -1.11022e-16 t_lab= 0.0403884 t_proper= 0 PolV= (0,0,0)  ) 
 Point E    (Trial Point)   is (0.048287303801973394113,1.7253582463405725544,10.071029785252253674)
 Point F    (Intersection)  is  (  X= 0.0482873026 1.72535824 10.0710298  P= 0.0143119404 -0.0327554218 -0.0133724819  Pmag= 0.03816507 Ekin= 0.00142323881 l= 2.13709057369e-09 m0= 0.510999 (Pdir-1)= -1.11022e-16 t_lab= 0.0403884 t_proper= 0 PolV= (0,0,0)  ) 
 Point B'   (Current end)   is  (  X= 0.102083418 1.79630394 10.0560972  P= 0.0242408241 -0.0171299971 -0.018919823  Pmag= 0.0351996315 Ekin= 0.00121091037 l= 2.13709035962e-09 m0= 0.510999 (Pdir-1)= 0 t_lab= 0.0406906 t_proper= 0 PolV= (0,0,0)  ) 
 Point B[0] (Curve   end)   is  (  X= 0.102161418 1.79633981 10.0560303  P= 6.02298787e-06 8.72826013e-06 -7.11766461e-05  Pmag= 7.19623086e-05 Ekin= 5.06710849e-09 l= 7.46395611453e-06 m0= 0.510999 (Pdir-1)= 0 t_lab= 0.0409273 t_proper= 0 PolV= (0,0,0)  ) 

 LocateIntersection parameters are : 
      Substep no (total) = 2
      Substep no         = 2 at depth= 0
 * Location: G4MultiLevelLocator::EstimateIntersectionPoint()- After EndIf(Intersects_AF)
 * Bool flags:  Recalculated = 0   Intersects_AF = 0   Intersects_FB = 1
 * Number of calls to MLL:EIP= 3694

*** Fatal Exception *** core dump ***
